# JRE version: Java(TM) SE Runtime Environment (17.0.10+11) (build 17.0.10+11-LTS-240)
# Java VM: Java HotSpot(TM) 64-Bit Server VM (17.0.10+11-LTS-240, mixed mode, sharing, tiered, compressed oops, compressed class ptrs, g1 gc, windows-amd64)
GC Precious Log:
 CPUs: 4 total, 4 available
 Memory: 10239M
 Large Page Support: Disabled
 NUMA Support: Disabled
 Compressed Oops: Enabled (Zero based)
 Heap Region Size: 2M
 Heap Min Capacity: 8M
 Heap Initial Capacity: 160M
 Heap Max Capacity: 2560M
 Pre-touch: Disabled
 Parallel Workers: 4
 Concurrent Workers: 1
 Concurrent Refinement Workers: 4
 Periodic GC: Disabled
Heap:
 garbage-first heap   total 102400K, used 38824K [0x0000000760000000, 0x0000000800000000)
  region size 2048K, 4 young (8192K), 0 survivors (0K)
 Metaspace       used 78001K, committed 78656K, reserved 1179648K
  class space    used 10597K, committed 10880K, reserved 1048576K
GC Heap History (20 events):
Event: 9.779 GC heap before
{Heap before GC invocations=22 (full 0):
 garbage-first heap   total 102400K, used 81453K [0x0000000760000000, 0x0000000800000000)
  region size 2048K, 22 young (45056K), 2 survivors (4096K)
 Metaspace       used 71056K, committed 71616K, reserved 1114112K
  class space    used 9677K, committed 9920K, reserved 1048576K
}
Event: 9.784 GC heap after
{Heap after GC invocations=23 (full 0):
 garbage-first heap   total 102400K, used 42122K [0x0000000760000000, 0x0000000800000000)
  region size 2048K, 3 young (6144K), 3 survivors (6144K)
 Metaspace       used 71056K, committed 71616K, reserved 1114112K
  class space    used 9677K, committed 9920K, reserved 1048576K
}
Event: 10.630 GC heap before
{Heap before GC invocations=23 (full 0):
 garbage-first heap   total 102400K, used 81034K [0x0000000760000000, 0x0000000800000000)
  region size 2048K, 22 young (45056K), 3 survivors (6144K)
 Metaspace       used 75220K, committed 75840K, reserved 1114112K
  class space    used 10228K, committed 10560K, reserved 1048576K
}
Event: 10.639 GC heap after
{Heap after GC invocations=24 (full 0):
 garbage-first heap   total 102400K, used 46243K [0x0000000760000000, 0x0000000800000000)
  region size 2048K, 3 young (6144K), 3 survivors (6144K)
 Metaspace       used 75220K, committed 75840K, reserved 1114112K
  class space    used 10228K, committed 10560K, reserved 1048576K
}
Event: 95.072 GC heap before
{Heap before GC invocations=24 (full 0):
 garbage-first heap   total 102400K, used 83107K [0x0000000760000000, 0x0000000800000000)
  region size 2048K, 21 young (43008K), 3 survivors (6144K)
 Metaspace       used 77685K, committed 78272K, reserved 1179648K
  class space    used 10562K, committed 10816K, reserved 1048576K
}
Event: 95.080 GC heap after
{Heap after GC invocations=25 (full 0):
 garbage-first heap   total 102400K, used 47125K [0x0000000760000000, 0x0000000800000000)
  region size 2048K, 1 young (2048K), 1 survivors (2048K)
 Metaspace       used 77685K, committed 78272K, reserved 1179648K
  class space    used 10562K, committed 10816K, reserved 1048576K
}
Event: 246.619 GC heap before
{Heap before GC invocations=25 (full 0):
 garbage-first heap   total 102400K, used 81941K [0x0000000760000000, 0x0000000800000000)
  region size 2048K, 18 young (36864K), 1 survivors (2048K)
 Metaspace       used 77734K, committed 78272K, reserved 1179648K
  class space    used 10562K, committed 10816K, reserved 1048576K
}
Event: 246.621 GC heap after
{Heap after GC invocations=26 (full 0):
 garbage-first heap   total 102400K, used 46647K [0x0000000760000000, 0x0000000800000000)
  region size 2048K, 1 young (2048K), 1 survivors (2048K)
 Metaspace       used 77734K, committed 78272K, reserved 1179648K
  class space    used 10562K, committed 10816K, reserved 1048576K
}
Event: 407.325 GC heap before
{Heap before GC invocations=27 (full 0):
 garbage-first heap   total 102400K, used 83511K [0x0000000760000000, 0x0000000800000000)
  region size 2048K, 19 young (38912K), 1 survivors (2048K)
 Metaspace       used 77738K, committed 78272K, reserved 1179648K
  class space    used 10560K, committed 10816K, reserved 1048576K
}
Event: 407.327 GC heap after
{Heap after GC invocations=28 (full 0):
 garbage-first heap   total 102400K, used 46644K [0x0000000760000000, 0x0000000800000000)
  region size 2048K, 1 young (2048K), 1 survivors (2048K)
 Metaspace       used 77738K, committed 78272K, reserved 1179648K
  class space    used 10560K, committed 10816K, reserved 1048576K
}
Event: 416.432 GC heap before
{Heap before GC invocations=28 (full 0):
 garbage-first heap   total 102400K, used 48692K [0x0000000760000000, 0x0000000800000000)
  region size 2048K, 2 young (4096K), 1 survivors (2048K)
 Metaspace       used 77738K, committed 78272K, reserved 1179648K
  class space    used 10560K, committed 10816K, reserved 1048576K
}
Event: 416.437 GC heap after
{Heap after GC invocations=29 (full 0):
 garbage-first heap   total 102400K, used 45532K [0x0000000760000000, 0x0000000800000000)
  region size 2048K, 1 young (2048K), 1 survivors (2048K)
 Metaspace       used 77738K, committed 78272K, reserved 1179648K
  class space    used 10560K, committed 10816K, reserved 1048576K
}
Event: 579.066 GC heap before
{Heap before GC invocations=29 (full 0):
 garbage-first heap   total 102400K, used 82396K [0x0000000760000000, 0x0000000800000000)
  region size 2048K, 19 young (38912K), 1 survivors (2048K)
 Metaspace       used 77740K, committed 78272K, reserved 1179648K
  class space    used 10561K, committed 10816K, reserved 1048576K
}
Event: 579.069 GC heap after
{Heap after GC invocations=30 (full 0):
 garbage-first heap   total 102400K, used 45563K [0x0000000760000000, 0x0000000800000000)
  region size 2048K, 1 young (2048K), 1 survivors (2048K)
 Metaspace       used 77740K, committed 78272K, reserved 1179648K
  class space    used 10561K, committed 10816K, reserved 1048576K
}
Event: 753.552 GC heap before
{Heap before GC invocations=31 (full 0):
 garbage-first heap   total 102400K, used 84475K [0x0000000760000000, 0x0000000800000000)
  region size 2048K, 20 young (40960K), 1 survivors (2048K)
 Metaspace       used 77750K, committed 78272K, reserved 1179648K
  class space    used 10561K, committed 10816K, reserved 1048576K
}
Event: 753.555 GC heap after
{Heap after GC invocations=32 (full 0):
 garbage-first heap   total 102400K, used 45611K [0x0000000760000000, 0x0000000800000000)
  region size 2048K, 1 young (2048K), 1 survivors (2048K)
 Metaspace       used 77750K, committed 78272K, reserved 1179648K
  class space    used 10561K, committed 10816K, reserved 1048576K
}
Event: 925.241 GC heap before
{Heap before GC invocations=32 (full 0):
 garbage-first heap   total 102400K, used 84523K [0x0000000760000000, 0x0000000800000000)
  region size 2048K, 20 young (40960K), 1 survivors (2048K)
 Metaspace       used 77752K, committed 78272K, reserved 1179648K
  class space    used 10561K, committed 10816K, reserved 1048576K
}
Event: 925.244 GC heap after
{Heap after GC invocations=33 (full 0):
 garbage-first heap   total 102400K, used 45570K [0x0000000760000000, 0x0000000800000000)
  region size 2048K, 1 young (2048K), 1 survivors (2048K)
 Metaspace       used 77752K, committed 78272K, reserved 1179648K
  class space    used 10561K, committed 10816K, reserved 1048576K
}
Event: 1077.582 GC heap before
{Heap before GC invocations=34 (full 0):
 garbage-first heap   total 102400K, used 82434K [0x0000000760000000, 0x0000000800000000)
  region size 2048K, 20 young (40960K), 1 survivors (2048K)
 Metaspace       used 77922K, committed 78528K, reserved 1179648K
  class space    used 10595K, committed 10880K, reserved 1048576K
}
Event: 1077.644 GC heap after
{Heap after GC invocations=35 (full 1):
 garbage-first heap   total 102400K, used 32680K [0x0000000760000000, 0x0000000800000000)
  region size 2048K, 0 young (0K), 0 survivors (0K)
 Metaspace       used 77922K, committed 78528K, reserved 1179648K
  class space    used 10595K, committed 10880K, reserved 1048576K
}

