# JRE version: Java(TM) SE Runtime Environment (17.0.10+11) (build 17.0.10+11-LTS-240)
# Java VM: Java HotSpot(TM) 64-Bit Server VM (17.0.10+11-LTS-240, mixed mode, sharing, tiered, compressed oops, compressed class ptrs, g1 gc, windows-amd64)
GC Precious Log:
 CPUs: 4 total, 4 available
 Memory: 10239M
 Large Page Support: Disabled
 NUMA Support: Disabled
 Compressed Oops: Enabled (Zero based)
 Heap Region Size: 2M
 Heap Min Capacity: 8M
 Heap Initial Capacity: 160M
 Heap Max Capacity: 2560M
 Pre-touch: Disabled
 Parallel Workers: 4
 Concurrent Workers: 1
 Concurrent Refinement Workers: 4
 Periodic GC: Disabled
Heap:
 garbage-first heap   total 102400K, used 69472K [0x0000000760000000, 0x0000000800000000)
  region size 2048K, 15 young (30720K), 3 survivors (6144K)
 Metaspace       used 77683K, committed 78208K, reserved 1179648K
  class space    used 10564K, committed 10816K, reserved 1048576K
GC Heap History (20 events):
Event: 7.227 GC heap before
{Heap before GC invocations=15 (full 0):
 garbage-first heap   total 83968K, used 41641K [0x0000000760000000, 0x0000000800000000)
  region size 2048K, 8 young (16384K), 2 survivors (4096K)
 Metaspace       used 59645K, committed 60096K, reserved 1114112K
  class space    used 7916K, committed 8128K, reserved 1048576K
}
Event: 7.232 GC heap after
{Heap after GC invocations=16 (full 0):
 garbage-first heap   total 83968K, used 32633K [0x0000000760000000, 0x0000000800000000)
  region size 2048K, 2 young (4096K), 2 survivors (4096K)
 Metaspace       used 59645K, committed 60096K, reserved 1114112K
  class space    used 7916K, committed 8128K, reserved 1048576K
}
Event: 7.698 GC heap before
{Heap before GC invocations=17 (full 0):
 garbage-first heap   total 83968K, used 61305K [0x0000000760000000, 0x0000000800000000)
  region size 2048K, 16 young (32768K), 2 survivors (4096K)
 Metaspace       used 63275K, committed 63744K, reserved 1114112K
  class space    used 8472K, committed 8704K, reserved 1048576K
}
Event: 7.704 GC heap after
{Heap after GC invocations=18 (full 0):
 garbage-first heap   total 83968K, used 35166K [0x0000000760000000, 0x0000000800000000)
  region size 2048K, 2 young (4096K), 2 survivors (4096K)
 Metaspace       used 63275K, committed 63744K, reserved 1114112K
  class space    used 8472K, committed 8704K, reserved 1048576K
}
Event: 8.124 GC heap before
{Heap before GC invocations=19 (full 0):
 garbage-first heap   total 83968K, used 61790K [0x0000000760000000, 0x0000000800000000)
  region size 2048K, 16 young (32768K), 2 survivors (4096K)
 Metaspace       used 67503K, committed 68096K, reserved 1114112K
  class space    used 9265K, committed 9536K, reserved 1048576K
}
Event: 8.130 GC heap after
{Heap after GC invocations=20 (full 0):
 garbage-first heap   total 83968K, used 37190K [0x0000000760000000, 0x0000000800000000)
  region size 2048K, 2 young (4096K), 2 survivors (4096K)
 Metaspace       used 67503K, committed 68096K, reserved 1114112K
  class space    used 9265K, committed 9536K, reserved 1048576K
}
Event: 8.236 GC heap before
{Heap before GC invocations=20 (full 0):
 garbage-first heap   total 83968K, used 61766K [0x0000000760000000, 0x0000000800000000)
  region size 2048K, 14 young (28672K), 2 survivors (4096K)
 Metaspace       used 67728K, committed 68288K, reserved 1114112K
  class space    used 9284K, committed 9536K, reserved 1048576K
}
Event: 8.238 GC heap after
{Heap after GC invocations=21 (full 0):
 garbage-first heap   total 83968K, used 37473K [0x0000000760000000, 0x0000000800000000)
  region size 2048K, 2 young (4096K), 2 survivors (4096K)
 Metaspace       used 67728K, committed 68288K, reserved 1114112K
  class space    used 9284K, committed 9536K, reserved 1048576K
}
Event: 8.330 GC heap before
{Heap before GC invocations=21 (full 0):
 garbage-first heap   total 83968K, used 64097K [0x0000000760000000, 0x0000000800000000)
  region size 2048K, 15 young (30720K), 2 survivors (4096K)
 Metaspace       used 67936K, committed 68480K, reserved 1114112K
  class space    used 9297K, committed 9536K, reserved 1048576K
}
Event: 8.333 GC heap after
{Heap after GC invocations=22 (full 0):
 garbage-first heap   total 83968K, used 38064K [0x0000000760000000, 0x0000000800000000)
  region size 2048K, 1 young (2048K), 1 survivors (2048K)
 Metaspace       used 67936K, committed 68480K, reserved 1114112K
  class space    used 9297K, committed 9536K, reserved 1048576K
}
Event: 8.435 GC heap before
{Heap before GC invocations=22 (full 0):
 garbage-first heap   total 83968K, used 64688K [0x0000000760000000, 0x0000000800000000)
  region size 2048K, 14 young (28672K), 1 survivors (2048K)
 Metaspace       used 68237K, committed 68736K, reserved 1114112K
  class space    used 9309K, committed 9536K, reserved 1048576K
}
Event: 8.438 GC heap after
{Heap after GC invocations=23 (full 0):
 garbage-first heap   total 83968K, used 38580K [0x0000000760000000, 0x0000000800000000)
  region size 2048K, 1 young (2048K), 1 survivors (2048K)
 Metaspace       used 68237K, committed 68736K, reserved 1114112K
  class space    used 9309K, committed 9536K, reserved 1048576K
}
Event: 8.762 GC heap before
{Heap before GC invocations=24 (full 0):
 garbage-first heap   total 83968K, used 65204K [0x0000000760000000, 0x0000000800000000)
  region size 2048K, 14 young (28672K), 1 survivors (2048K)
 Metaspace       used 69963K, committed 70528K, reserved 1114112K
  class space    used 9530K, committed 9792K, reserved 1048576K
}
Event: 8.767 GC heap after
{Heap after GC invocations=25 (full 0):
 garbage-first heap   total 83968K, used 40312K [0x0000000760000000, 0x0000000800000000)
  region size 2048K, 2 young (4096K), 2 survivors (4096K)
 Metaspace       used 69963K, committed 70528K, reserved 1114112K
  class space    used 9530K, committed 9792K, reserved 1048576K
}
Event: 8.856 GC heap before
{Heap before GC invocations=25 (full 0):
 garbage-first heap   total 83968K, used 64888K [0x0000000760000000, 0x0000000800000000)
  region size 2048K, 14 young (28672K), 2 survivors (4096K)
 Metaspace       used 70267K, committed 70784K, reserved 1114112K
  class space    used 9566K, committed 9792K, reserved 1048576K
}
Event: 8.860 GC heap after
{Heap after GC invocations=26 (full 0):
 garbage-first heap   total 102400K, used 41481K [0x0000000760000000, 0x0000000800000000)
  region size 2048K, 2 young (4096K), 2 survivors (4096K)
 Metaspace       used 70267K, committed 70784K, reserved 1114112K
  class space    used 9566K, committed 9792K, reserved 1048576K
}
Event: 9.351 GC heap before
{Heap before GC invocations=27 (full 0):
 garbage-first heap   total 102400K, used 80393K [0x0000000760000000, 0x0000000800000000)
  region size 2048K, 21 young (43008K), 2 survivors (4096K)
 Metaspace       used 72708K, committed 73280K, reserved 1114112K
  class space    used 9889K, committed 10176K, reserved 1048576K
}
Event: 9.357 GC heap after
{Heap after GC invocations=28 (full 0):
 garbage-first heap   total 102400K, used 43754K [0x0000000760000000, 0x0000000800000000)
  region size 2048K, 3 young (6144K), 3 survivors (6144K)
 Metaspace       used 72708K, committed 73280K, reserved 1114112K
  class space    used 9889K, committed 10176K, reserved 1048576K
}
Event: 10.035 GC heap before
{Heap before GC invocations=28 (full 0):
 garbage-first heap   total 102400K, used 80618K [0x0000000760000000, 0x0000000800000000)
  region size 2048K, 21 young (43008K), 3 survivors (6144K)
 Metaspace       used 76691K, committed 77312K, reserved 1179648K
  class space    used 10412K, committed 10688K, reserved 1048576K
}
Event: 10.043 GC heap after
{Heap after GC invocations=29 (full 0):
 garbage-first heap   total 102400K, used 46944K [0x0000000760000000, 0x0000000800000000)
  region size 2048K, 3 young (6144K), 3 survivors (6144K)
 Metaspace       used 76691K, committed 77312K, reserved 1179648K
  class space    used 10412K, committed 10688K, reserved 1048576K
}

