# JRE version: Java(TM) SE Runtime Environment (17.0.10+11) (build 17.0.10+11-LTS-240)
# Java VM: Java HotSpot(TM) 64-Bit Server VM (17.0.10+11-LTS-240, mixed mode, sharing, tiered, compressed oops, compressed class ptrs, g1 gc, windows-amd64)
GC Precious Log:
 CPUs: 4 total, 4 available
 Memory: 10239M
 Large Page Support: Disabled
 NUMA Support: Disabled
 Compressed Oops: Enabled (Zero based)
 Heap Region Size: 2M
 Heap Min Capacity: 8M
 Heap Initial Capacity: 160M
 Heap Max Capacity: 2560M
 Pre-touch: Disabled
 Parallel Workers: 4
 Concurrent Workers: 1
 Concurrent Refinement Workers: 4
 Periodic GC: Disabled
Heap:
 garbage-first heap   total 83968K, used 38717K [0x0000000760000000, 0x0000000800000000)
  region size 2048K, 1 young (2048K), 1 survivors (2048K)
 Metaspace       used 68403K, committed 68992K, reserved 1114112K
  class space    used 9316K, committed 9600K, reserved 1048576K
GC Heap History (20 events):
Event: 5.565 GC heap after
{Heap after GC invocations=11 (full 0):
 garbage-first heap   total 69632K, used 26529K [0x0000000760000000, 0x0000000800000000)
  region size 2048K, 2 young (4096K), 2 survivors (4096K)
 Metaspace       used 40813K, committed 41280K, reserved 1114112K
  class space    used 5165K, committed 5376K, reserved 1048576K
}
Event: 6.080 GC heap before
{Heap before GC invocations=11 (full 0):
 garbage-first heap   total 69632K, used 47009K [0x0000000760000000, 0x0000000800000000)
  region size 2048K, 13 young (26624K), 2 survivors (4096K)
 Metaspace       used 45798K, committed 46272K, reserved 1114112K
  class space    used 5931K, committed 6144K, reserved 1048576K
}
Event: 6.086 GC heap after
{Heap after GC invocations=12 (full 0):
 garbage-first heap   total 69632K, used 28185K [0x0000000760000000, 0x0000000800000000)
  region size 2048K, 2 young (4096K), 2 survivors (4096K)
 Metaspace       used 45798K, committed 46272K, reserved 1114112K
  class space    used 5931K, committed 6144K, reserved 1048576K
}
Event: 6.563 GC heap before
{Heap before GC invocations=12 (full 0):
 garbage-first heap   total 69632K, used 50713K [0x0000000760000000, 0x0000000800000000)
  region size 2048K, 13 young (26624K), 2 survivors (4096K)
 Metaspace       used 51832K, committed 52288K, reserved 1114112K
  class space    used 6764K, committed 6976K, reserved 1048576K
}
Event: 6.568 GC heap after
{Heap after GC invocations=13 (full 0):
 garbage-first heap   total 83968K, used 29435K [0x0000000760000000, 0x0000000800000000)
  region size 2048K, 2 young (4096K), 2 survivors (4096K)
 Metaspace       used 51832K, committed 52288K, reserved 1114112K
  class space    used 6764K, committed 6976K, reserved 1048576K
}
Event: 7.001 GC heap before
{Heap before GC invocations=13 (full 0):
 garbage-first heap   total 83968K, used 60155K [0x0000000760000000, 0x0000000800000000)
  region size 2048K, 17 young (34816K), 2 survivors (4096K)
 Metaspace       used 54952K, committed 55488K, reserved 1114112K
  class space    used 7292K, committed 7552K, reserved 1048576K
}
Event: 7.004 GC heap after
{Heap after GC invocations=14 (full 0):
 garbage-first heap   total 83968K, used 30190K [0x0000000760000000, 0x0000000800000000)
  region size 2048K, 2 young (4096K), 2 survivors (4096K)
 Metaspace       used 54952K, committed 55488K, reserved 1114112K
  class space    used 7292K, committed 7552K, reserved 1048576K
}
Event: 7.672 GC heap before
{Heap before GC invocations=14 (full 0):
 garbage-first heap   total 83968K, used 62958K [0x0000000760000000, 0x0000000800000000)
  region size 2048K, 18 young (36864K), 2 survivors (4096K)
 Metaspace       used 59712K, committed 60224K, reserved 1114112K
  class space    used 7920K, committed 8128K, reserved 1048576K
}
Event: 7.679 GC heap after
{Heap after GC invocations=15 (full 0):
 garbage-first heap   total 83968K, used 32273K [0x0000000760000000, 0x0000000800000000)
  region size 2048K, 3 young (6144K), 3 survivors (6144K)
 Metaspace       used 59712K, committed 60224K, reserved 1114112K
  class space    used 7920K, committed 8128K, reserved 1048576K
}
Event: 7.697 GC heap before
{Heap before GC invocations=15 (full 0):
 garbage-first heap   total 83968K, used 32273K [0x0000000760000000, 0x0000000800000000)
  region size 2048K, 4 young (8192K), 3 survivors (6144K)
 Metaspace       used 59887K, committed 60416K, reserved 1114112K
  class space    used 7930K, committed 8192K, reserved 1048576K
}
Event: 7.702 GC heap after
{Heap after GC invocations=16 (full 0):
 garbage-first heap   total 83968K, used 32890K [0x0000000760000000, 0x0000000800000000)
  region size 2048K, 2 young (4096K), 2 survivors (4096K)
 Metaspace       used 59887K, committed 60416K, reserved 1114112K
  class space    used 7930K, committed 8192K, reserved 1048576K
}
Event: 8.247 GC heap before
{Heap before GC invocations=17 (full 0):
 garbage-first heap   total 83968K, used 63610K [0x0000000760000000, 0x0000000800000000)
  region size 2048K, 17 young (34816K), 2 survivors (4096K)
 Metaspace       used 64374K, committed 64960K, reserved 1114112K
  class space    used 8717K, committed 9024K, reserved 1048576K
}
Event: 8.254 GC heap after
{Heap after GC invocations=18 (full 0):
 garbage-first heap   total 83968K, used 35636K [0x0000000760000000, 0x0000000800000000)
  region size 2048K, 3 young (6144K), 3 survivors (6144K)
 Metaspace       used 64374K, committed 64960K, reserved 1114112K
  class space    used 8717K, committed 9024K, reserved 1048576K
}
Event: 8.594 GC heap before
{Heap before GC invocations=19 (full 0):
 garbage-first heap   total 83968K, used 62260K [0x0000000760000000, 0x0000000800000000)
  region size 2048K, 17 young (34816K), 3 survivors (6144K)
 Metaspace       used 67526K, committed 68096K, reserved 1114112K
  class space    used 9263K, committed 9536K, reserved 1048576K
}
Event: 8.599 GC heap after
{Heap after GC invocations=20 (full 0):
 garbage-first heap   total 83968K, used 37177K [0x0000000760000000, 0x0000000800000000)
  region size 2048K, 3 young (6144K), 3 survivors (6144K)
 Metaspace       used 67526K, committed 68096K, reserved 1114112K
  class space    used 9263K, committed 9536K, reserved 1048576K
}
Event: 8.722 GC heap before
{Heap before GC invocations=20 (full 0):
 garbage-first heap   total 83968K, used 63801K [0x0000000760000000, 0x0000000800000000)
  region size 2048K, 16 young (32768K), 3 survivors (6144K)
 Metaspace       used 67768K, committed 68416K, reserved 1114112K
  class space    used 9284K, committed 9600K, reserved 1048576K
}
Event: 8.726 GC heap after
{Heap after GC invocations=21 (full 0):
 garbage-first heap   total 83968K, used 37655K [0x0000000760000000, 0x0000000800000000)
  region size 2048K, 2 young (4096K), 2 survivors (4096K)
 Metaspace       used 67768K, committed 68416K, reserved 1114112K
  class space    used 9284K, committed 9600K, reserved 1048576K
}
Event: 8.827 GC heap before
{Heap before GC invocations=21 (full 0):
 garbage-first heap   total 83968K, used 64279K [0x0000000760000000, 0x0000000800000000)
  region size 2048K, 15 young (30720K), 2 survivors (4096K)
 Metaspace       used 67947K, committed 68544K, reserved 1114112K
  class space    used 9295K, committed 9600K, reserved 1048576K
}
Event: 8.830 GC heap after
{Heap after GC invocations=22 (full 0):
 garbage-first heap   total 83968K, used 37991K [0x0000000760000000, 0x0000000800000000)
  region size 2048K, 2 young (4096K), 2 survivors (4096K)
 Metaspace       used 67947K, committed 68544K, reserved 1114112K
  class space    used 9295K, committed 9600K, reserved 1048576K
}
Event: 8.978 GC heap before
{Heap before GC invocations=22 (full 0):
 garbage-first heap   total 83968K, used 64615K [0x0000000760000000, 0x0000000800000000)
  region size 2048K, 15 young (30720K), 2 survivors (4096K)
 Metaspace       used 68403K, committed 68992K, reserved 1114112K
  class space    used 9316K, committed 9600K, reserved 1048576K
}

